<?xml version="1.0" encoding="UTF-8"?>
<testsuite xmlns:xsi="http://www.w3.org/2001/XMLSchema-instance" xsi:noNamespaceSchemaLocation="https://maven.apache.org/surefire/maven-surefire-plugin/xsd/surefire-test-report.xsd" name="steps.GetPostSteps" time="3.518" tests="9" errors="0" skipped="4" failures="0">
  <properties>
    <property name="sun.desktop" value="gnome"/>
    <property name="awt.toolkit" value="sun.awt.X11.XToolkit"/>
    <property name="file.encoding.pkg" value="sun.io"/>
    <property name="java.specification.version" value="1.8"/>
    <property name="sun.cpu.isalist" value=""/>
    <property name="sun.jnu.encoding" value="UTF-8"/>
    <property name="java.class.path" value="/home/kineticskunk/Desktop/API_Testing/target/test-classes:/home/kineticskunk/Desktop/API_Testing/target/classes:/home/kineticskunk/.m2/repository/io/rest-assured/rest-assured/3.2.0/rest-assured-3.2.0.jar:/home/kineticskunk/.m2/repository/org/codehaus/groovy/groovy/2.4.15/groovy-2.4.15.jar:/home/kineticskunk/.m2/repository/org/codehaus/groovy/groovy-xml/2.4.15/groovy-xml-2.4.15.jar:/home/kineticskunk/.m2/repository/org/apache/httpcomponents/httpclient/4.5.3/httpclient-4.5.3.jar:/home/kineticskunk/.m2/repository/org/apache/httpcomponents/httpcore/4.4.6/httpcore-4.4.6.jar:/home/kineticskunk/.m2/repository/commons-logging/commons-logging/1.2/commons-logging-1.2.jar:/home/kineticskunk/.m2/repository/commons-codec/commons-codec/1.9/commons-codec-1.9.jar:/home/kineticskunk/.m2/repository/org/apache/httpcomponents/httpmime/4.5.1/httpmime-4.5.1.jar:/home/kineticskunk/.m2/repository/org/hamcrest/hamcrest-core/1.3/hamcrest-core-1.3.jar:/home/kineticskunk/.m2/repository/org/ccil/cowan/tagsoup/tagsoup/1.2.1/tagsoup-1.2.1.jar:/home/kineticskunk/.m2/repository/io/rest-assured/json-path/3.2.0/json-path-3.2.0.jar:/home/kineticskunk/.m2/repository/org/codehaus/groovy/groovy-json/2.4.15/groovy-json-2.4.15.jar:/home/kineticskunk/.m2/repository/io/rest-assured/rest-assured-common/3.2.0/rest-assured-common-3.2.0.jar:/home/kineticskunk/.m2/repository/io/rest-assured/xml-path/3.2.0/xml-path-3.2.0.jar:/home/kineticskunk/.m2/repository/org/apache/commons/commons-lang3/3.4/commons-lang3-3.4.jar:/home/kineticskunk/.m2/repository/javax/xml/bind/jaxb-api/2.2.12/jaxb-api-2.2.12.jar:/home/kineticskunk/.m2/repository/com/sun/xml/bind/jaxb-osgi/2.2.10/jaxb-osgi-2.2.10.jar:/home/kineticskunk/.m2/repository/org/apache/sling/org.apache.sling.javax.activation/0.1.0/org.apache.sling.javax.activation-0.1.0.jar:/home/kineticskunk/.m2/repository/javax/activation/activation/1.1.1/activation-1.1.1.jar:/home/kineticskunk/.m2/repository/info/cukes/cucumber-java/1.2.5/cucumber-java-1.2.5.jar:/home/kineticskunk/.m2/repository/info/cukes/cucumber-core/1.2.5/cucumber-core-1.2.5.jar:/home/kineticskunk/.m2/repository/info/cukes/cucumber-html/0.2.3/cucumber-html-0.2.3.jar:/home/kineticskunk/.m2/repository/info/cukes/cucumber-jvm-deps/1.0.5/cucumber-jvm-deps-1.0.5.jar:/home/kineticskunk/.m2/repository/info/cukes/gherkin/2.12.2/gherkin-2.12.2.jar:/home/kineticskunk/.m2/repository/junit/junit/4.12/junit-4.12.jar:/home/kineticskunk/.m2/repository/com/fasterxml/jackson/core/jackson-databind/2.9.7/jackson-databind-2.9.7.jar:/home/kineticskunk/.m2/repository/com/fasterxml/jackson/core/jackson-annotations/2.9.0/jackson-annotations-2.9.0.jar:/home/kineticskunk/.m2/repository/com/fasterxml/jackson/core/jackson-core/2.9.7/jackson-core-2.9.7.jar:/home/kineticskunk/.m2/repository/org/hamcrest/hamcrest-library/1.3/hamcrest-library-1.3.jar:/home/kineticskunk/.m2/repository/org/testng/testng/6.8/testng-6.8.jar:/home/kineticskunk/.m2/repository/org/beanshell/bsh/2.0b4/bsh-2.0b4.jar:/home/kineticskunk/.m2/repository/com/beust/jcommander/1.27/jcommander-1.27.jar:/home/kineticskunk/.m2/repository/org/yaml/snakeyaml/1.6/snakeyaml-1.6.jar:/home/kineticskunk/.m2/repository/org/apache/maven/surefire/surefire-testng-utils/2.20.1/surefire-testng-utils-2.20.1.jar:/home/kineticskunk/.m2/repository/org/apache/maven/surefire/surefire-grouper/2.20.1/surefire-grouper-2.20.1.jar:"/>
    <property name="java.vm.vendor" value="Oracle Corporation"/>
    <property name="sun.arch.data.model" value="64"/>
    <property name="java.vendor.url" value="http://java.oracle.com/"/>
    <property name="user.timezone" value=""/>
    <property name="java.vm.specification.version" value="1.8"/>
    <property name="os.name" value="Linux"/>
    <property name="user.country" value="ZA"/>
    <property name="sun.java.launcher" value="SUN_STANDARD"/>
    <property name="sun.boot.library.path" value="/usr/lib/jvm/java-8-oracle/jre/lib/amd64"/>
    <property name="sun.java.command" value="/home/kineticskunk/Desktop/API_Testing/target/surefire/surefirebooter7642627463207405188.jar /home/kineticskunk/Desktop/API_Testing/target/surefire 2019-02-14T14-04-27_123-jvmRun1 surefire6447643721591625706tmp surefire_03719730459141778316tmp"/>
    <property name="surefire.test.class.path" value="/home/kineticskunk/Desktop/API_Testing/target/test-classes:/home/kineticskunk/Desktop/API_Testing/target/classes:/home/kineticskunk/.m2/repository/io/rest-assured/rest-assured/3.2.0/rest-assured-3.2.0.jar:/home/kineticskunk/.m2/repository/org/codehaus/groovy/groovy/2.4.15/groovy-2.4.15.jar:/home/kineticskunk/.m2/repository/org/codehaus/groovy/groovy-xml/2.4.15/groovy-xml-2.4.15.jar:/home/kineticskunk/.m2/repository/org/apache/httpcomponents/httpclient/4.5.3/httpclient-4.5.3.jar:/home/kineticskunk/.m2/repository/org/apache/httpcomponents/httpcore/4.4.6/httpcore-4.4.6.jar:/home/kineticskunk/.m2/repository/commons-logging/commons-logging/1.2/commons-logging-1.2.jar:/home/kineticskunk/.m2/repository/commons-codec/commons-codec/1.9/commons-codec-1.9.jar:/home/kineticskunk/.m2/repository/org/apache/httpcomponents/httpmime/4.5.1/httpmime-4.5.1.jar:/home/kineticskunk/.m2/repository/org/hamcrest/hamcrest-core/1.3/hamcrest-core-1.3.jar:/home/kineticskunk/.m2/repository/org/ccil/cowan/tagsoup/tagsoup/1.2.1/tagsoup-1.2.1.jar:/home/kineticskunk/.m2/repository/io/rest-assured/json-path/3.2.0/json-path-3.2.0.jar:/home/kineticskunk/.m2/repository/org/codehaus/groovy/groovy-json/2.4.15/groovy-json-2.4.15.jar:/home/kineticskunk/.m2/repository/io/rest-assured/rest-assured-common/3.2.0/rest-assured-common-3.2.0.jar:/home/kineticskunk/.m2/repository/io/rest-assured/xml-path/3.2.0/xml-path-3.2.0.jar:/home/kineticskunk/.m2/repository/org/apache/commons/commons-lang3/3.4/commons-lang3-3.4.jar:/home/kineticskunk/.m2/repository/javax/xml/bind/jaxb-api/2.2.12/jaxb-api-2.2.12.jar:/home/kineticskunk/.m2/repository/com/sun/xml/bind/jaxb-osgi/2.2.10/jaxb-osgi-2.2.10.jar:/home/kineticskunk/.m2/repository/org/apache/sling/org.apache.sling.javax.activation/0.1.0/org.apache.sling.javax.activation-0.1.0.jar:/home/kineticskunk/.m2/repository/javax/activation/activation/1.1.1/activation-1.1.1.jar:/home/kineticskunk/.m2/repository/info/cukes/cucumber-java/1.2.5/cucumber-java-1.2.5.jar:/home/kineticskunk/.m2/repository/info/cukes/cucumber-core/1.2.5/cucumber-core-1.2.5.jar:/home/kineticskunk/.m2/repository/info/cukes/cucumber-html/0.2.3/cucumber-html-0.2.3.jar:/home/kineticskunk/.m2/repository/info/cukes/cucumber-jvm-deps/1.0.5/cucumber-jvm-deps-1.0.5.jar:/home/kineticskunk/.m2/repository/info/cukes/gherkin/2.12.2/gherkin-2.12.2.jar:/home/kineticskunk/.m2/repository/junit/junit/4.12/junit-4.12.jar:/home/kineticskunk/.m2/repository/com/fasterxml/jackson/core/jackson-databind/2.9.7/jackson-databind-2.9.7.jar:/home/kineticskunk/.m2/repository/com/fasterxml/jackson/core/jackson-annotations/2.9.0/jackson-annotations-2.9.0.jar:/home/kineticskunk/.m2/repository/com/fasterxml/jackson/core/jackson-core/2.9.7/jackson-core-2.9.7.jar:/home/kineticskunk/.m2/repository/org/hamcrest/hamcrest-library/1.3/hamcrest-library-1.3.jar:/home/kineticskunk/.m2/repository/org/testng/testng/6.8/testng-6.8.jar:/home/kineticskunk/.m2/repository/org/beanshell/bsh/2.0b4/bsh-2.0b4.jar:/home/kineticskunk/.m2/repository/com/beust/jcommander/1.27/jcommander-1.27.jar:/home/kineticskunk/.m2/repository/org/yaml/snakeyaml/1.6/snakeyaml-1.6.jar:/home/kineticskunk/.m2/repository/org/apache/maven/surefire/surefire-testng-utils/2.20.1/surefire-testng-utils-2.20.1.jar:/home/kineticskunk/.m2/repository/org/apache/maven/surefire/surefire-grouper/2.20.1/surefire-grouper-2.20.1.jar:"/>
    <property name="sun.cpu.endian" value="little"/>
    <property name="user.home" value="/home/kineticskunk"/>
    <property name="user.language" value="en"/>
    <property name="java.specification.vendor" value="Oracle Corporation"/>
    <property name="java.home" value="/usr/lib/jvm/java-8-oracle/jre"/>
    <property name="basedir" value="/home/kineticskunk/Desktop/API_Testing"/>
    <property name="file.separator" value="/"/>
    <property name="line.separator" value="&#10;"/>
    <property name="java.vm.specification.vendor" value="Oracle Corporation"/>
    <property name="java.specification.name" value="Java Platform API Specification"/>
    <property name="java.awt.graphicsenv" value="sun.awt.X11GraphicsEnvironment"/>
    <property name="surefire.real.class.path" value="/home/kineticskunk/Desktop/API_Testing/target/surefire/surefirebooter7642627463207405188.jar"/>
    <property name="sun.boot.class.path" value="/usr/lib/jvm/java-8-oracle/jre/lib/resources.jar:/usr/lib/jvm/java-8-oracle/jre/lib/rt.jar:/usr/lib/jvm/java-8-oracle/jre/lib/sunrsasign.jar:/usr/lib/jvm/java-8-oracle/jre/lib/jsse.jar:/usr/lib/jvm/java-8-oracle/jre/lib/jce.jar:/usr/lib/jvm/java-8-oracle/jre/lib/charsets.jar:/usr/lib/jvm/java-8-oracle/jre/lib/jfr.jar:/usr/lib/jvm/java-8-oracle/jre/classes"/>
    <property name="sun.management.compiler" value="HotSpot 64-Bit Tiered Compilers"/>
    <property name="java.runtime.version" value="1.8.0_201-b09"/>
    <property name="user.name" value="kineticskunk"/>
    <property name="path.separator" value=":"/>
    <property name="os.version" value="4.15.0-45-generic"/>
    <property name="java.endorsed.dirs" value="/usr/lib/jvm/java-8-oracle/jre/lib/endorsed"/>
    <property name="java.runtime.name" value="Java(TM) SE Runtime Environment"/>
    <property name="file.encoding" value="UTF-8"/>
    <property name="java.vm.name" value="Java HotSpot(TM) 64-Bit Server VM"/>
    <property name="localRepository" value="/home/kineticskunk/.m2/repository"/>
    <property name="java.vendor.url.bug" value="http://bugreport.sun.com/bugreport/"/>
    <property name="java.io.tmpdir" value="/tmp"/>
    <property name="java.version" value="1.8.0_201"/>
    <property name="user.dir" value="/home/kineticskunk/Desktop/API_Testing"/>
    <property name="os.arch" value="amd64"/>
    <property name="java.vm.specification.name" value="Java Virtual Machine Specification"/>
    <property name="java.awt.printerjob" value="sun.print.PSPrinterJob"/>
    <property name="sun.os.patch.level" value="unknown"/>
    <property name="java.library.path" value="/usr/java/packages/lib/amd64:/usr/lib64:/lib64:/lib:/usr/lib"/>
    <property name="java.vm.info" value="mixed mode"/>
    <property name="java.vendor" value="Oracle Corporation"/>
    <property name="java.vm.version" value="25.201-b09"/>
    <property name="java.ext.dirs" value="/usr/lib/jvm/java-8-oracle/jre/lib/ext:/usr/java/packages/lib/ext"/>
    <property name="sun.io.unicode.encoding" value="UnicodeLittle"/>
    <property name="java.class.version" value="52.0"/>
  </properties>
  <testcase name="iPerformAPOSTOperation" classname="steps.GetPostSteps" time="0.704"/>
  <testcase name="iPerformGETOperation" classname="steps.GetPostSteps" time="0.002"/>
  <testcase name="i_change_name" classname="steps.GetPostSteps" time="2.29"/>
  <testcase name="i_delete" classname="steps.GetPostSteps" time="0">
    <skipped message="&#10;Method i_delete requires 1 parameters but 0 were supplied in the @Test annotation."/>
  </testcase>
  <testcase name="i_perform_Delete_operation" classname="steps.GetPostSteps" time="0.002"/>
  <testcase name="i_perform_GET_for_the_post_number" classname="steps.GetPostSteps" time="0">
    <skipped message="&#10;Method i_perform_GET_for_the_post_number requires 1 parameters but 0 were supplied in the @Test annotation."/>
  </testcase>
  <testcase name="i_perform_a_Update_operation" classname="steps.GetPostSteps" time="0.002"/>
  <testcase name="i_post_a_new_and" classname="steps.GetPostSteps" time="0">
    <skipped message="&#10;Method i_post_a_new_and requires 4 parameters but 0 were supplied in the @Test annotation."/>
  </testcase>
  <testcase name="responseCodeShouldBe" classname="steps.GetPostSteps" time="0">
    <skipped message="&#10;Method responseCodeShouldBe requires 1 parameters but 0 were supplied in the @Test annotation."/>
  </testcase>
</testsuite>